app/build/intermediates/manifest_merge_blame_file/debug/manifest-merger-blame-debug-report.txt
1<?xml version="1.0" encoding="utf-8"?>
2<manifest xmlns:android="http://schemas.android.com/apk/res/android"
3    package="jakhar.aseem.diva"
4    android:versionCode="1"
5    android:versionName="1.029" >
6
7    <uses-sdk
8        android:minSdkVersion="29"
8-->src/main/AndroidManifest.xml
9        android:targetSdkVersion="29" />
9-->src/main/AndroidManifest.xml
10
11    <uses-permission android:name="android.permission.WRITE_EXTERNAL_STORAGE" />
11-->src/main/AndroidManifest.xml:5:5-81
11-->src/main/AndroidManifest.xml:5:22-78
12    <uses-permission android:name="android.permission.READ_EXTERNAL_STORAGE" />
12-->src/main/AndroidManifest.xml:6:5-80
12-->src/main/AndroidManifest.xml:6:22-77
13    <uses-permission android:name="android.permission.INTERNET" />
13-->src/main/AndroidManifest.xml:7:5-67
13-->src/main/AndroidManifest.xml:7:22-64
14
15    <application
15-->src/main/AndroidManifest.xml:9:5-106:19
16        android:allowBackup="true"
16-->src/main/AndroidManifest.xml:10:9-35
17        android:debuggable="true"
18        android:extractNativeLibs="false"
19        android:icon="@mipmap/ic_launcher"
19-->src/main/AndroidManifest.xml:11:9-43
20        android:label="@string/app_name"
20-->src/main/AndroidManifest.xml:12:9-41
21        android:supportsRtl="true"
21-->src/main/AndroidManifest.xml:13:9-35
22        android:testOnly="true"
23        android:theme="@style/AppTheme" >
23-->src/main/AndroidManifest.xml:14:9-40
24        <activity
24-->src/main/AndroidManifest.xml:15:9-24:20
25            android:name="jakhar.aseem.diva.MainActivity"
25-->src/main/AndroidManifest.xml:16:13-41
26            android:label="@string/app_name"
26-->src/main/AndroidManifest.xml:17:13-45
27            android:theme="@style/AppTheme.NoActionBar" >
27-->src/main/AndroidManifest.xml:18:13-56
28            <intent-filter>
28-->src/main/AndroidManifest.xml:19:13-23:29
29                <action android:name="android.intent.action.MAIN" />
29-->src/main/AndroidManifest.xml:20:17-69
29-->src/main/AndroidManifest.xml:20:25-66
30
31                <category android:name="android.intent.category.LAUNCHER" />
31-->src/main/AndroidManifest.xml:22:17-77
31-->src/main/AndroidManifest.xml:22:27-74
32            </intent-filter>
33        </activity>
34        <activity
34-->src/main/AndroidManifest.xml:25:9-28:20
35            android:name="jakhar.aseem.diva.LogActivity"
35-->src/main/AndroidManifest.xml:26:13-40
36            android:label="@string/d1" >
36-->src/main/AndroidManifest.xml:27:13-39
37        </activity>
38        <activity
38-->src/main/AndroidManifest.xml:29:9-32:20
39            android:name="jakhar.aseem.diva.HardcodeActivity"
39-->src/main/AndroidManifest.xml:30:13-45
40            android:label="@string/d2" >
40-->src/main/AndroidManifest.xml:31:13-39
41        </activity>
42        <activity
42-->src/main/AndroidManifest.xml:33:9-36:20
43            android:name="jakhar.aseem.diva.InsecureDataStorage1Activity"
43-->src/main/AndroidManifest.xml:34:13-57
44            android:label="@string/d3" >
44-->src/main/AndroidManifest.xml:35:13-39
45        </activity>
46        <activity
46-->src/main/AndroidManifest.xml:37:9-40:20
47            android:name="jakhar.aseem.diva.InsecureDataStorage2Activity"
47-->src/main/AndroidManifest.xml:38:13-57
48            android:label="@string/d4" >
48-->src/main/AndroidManifest.xml:39:13-39
49        </activity>
50        <activity
50-->src/main/AndroidManifest.xml:41:9-44:20
51            android:name="jakhar.aseem.diva.InsecureDataStorage3Activity"
51-->src/main/AndroidManifest.xml:42:13-57
52            android:label="@string/d5" >
52-->src/main/AndroidManifest.xml:43:13-39
53        </activity>
54        <activity
54-->src/main/AndroidManifest.xml:45:9-48:20
55            android:name="jakhar.aseem.diva.InsecureDataStorage4Activity"
55-->src/main/AndroidManifest.xml:46:13-57
56            android:label="@string/d6" >
56-->src/main/AndroidManifest.xml:47:13-39
57        </activity>
58        <activity
58-->src/main/AndroidManifest.xml:49:9-52:20
59            android:name="jakhar.aseem.diva.SQLInjectionActivity"
59-->src/main/AndroidManifest.xml:50:13-49
60            android:label="@string/d7" >
60-->src/main/AndroidManifest.xml:51:13-39
61        </activity>
62        <activity
62-->src/main/AndroidManifest.xml:53:9-56:20
63            android:name="jakhar.aseem.diva.InputValidation2URISchemeActivity"
63-->src/main/AndroidManifest.xml:54:13-62
64            android:label="@string/d8" >
64-->src/main/AndroidManifest.xml:55:13-39
65        </activity>
66        <activity
66-->src/main/AndroidManifest.xml:57:9-60:20
67            android:name="jakhar.aseem.diva.AccessControl1Activity"
67-->src/main/AndroidManifest.xml:58:13-51
68            android:label="@string/d9" >
68-->src/main/AndroidManifest.xml:59:13-39
69        </activity>
70        <activity
70-->src/main/AndroidManifest.xml:61:9-69:20
71            android:name="jakhar.aseem.diva.APICredsActivity"
71-->src/main/AndroidManifest.xml:62:13-45
72            android:label="@string/apic_label" >
72-->src/main/AndroidManifest.xml:63:13-47
73            <intent-filter>
73-->src/main/AndroidManifest.xml:64:13-68:29
74                <action android:name="jakhar.aseem.diva.action.VIEW_CREDS" />
74-->src/main/AndroidManifest.xml:65:17-78
74-->src/main/AndroidManifest.xml:65:25-75
75
76                <category android:name="android.intent.category.DEFAULT" />
76-->src/main/AndroidManifest.xml:67:17-76
76-->src/main/AndroidManifest.xml:67:27-73
77            </intent-filter>
78        </activity>
79        <activity
79-->src/main/AndroidManifest.xml:70:9-73:20
80            android:name="jakhar.aseem.diva.AccessControl2Activity"
80-->src/main/AndroidManifest.xml:71:13-51
81            android:label="@string/d10" >
81-->src/main/AndroidManifest.xml:72:13-40
82        </activity>
83        <activity
83-->src/main/AndroidManifest.xml:74:9-82:20
84            android:name="jakhar.aseem.diva.APICreds2Activity"
84-->src/main/AndroidManifest.xml:75:13-46
85            android:label="@string/apic2_label" >
85-->src/main/AndroidManifest.xml:76:13-48
86            <intent-filter>
86-->src/main/AndroidManifest.xml:77:13-81:29
87                <action android:name="jakhar.aseem.diva.action.VIEW_CREDS2" />
87-->src/main/AndroidManifest.xml:78:17-79
87-->src/main/AndroidManifest.xml:78:25-76
88
89                <category android:name="android.intent.category.DEFAULT" />
89-->src/main/AndroidManifest.xml:67:17-76
89-->src/main/AndroidManifest.xml:67:27-73
90            </intent-filter>
91        </activity>
92
93        <provider
93-->src/main/AndroidManifest.xml:84:9-89:20
94            android:name="jakhar.aseem.diva.NotesProvider"
94-->src/main/AndroidManifest.xml:85:13-42
95            android:authorities="jakhar.aseem.diva.provider.notesprovider"
95-->src/main/AndroidManifest.xml:86:13-75
96            android:enabled="true"
96-->src/main/AndroidManifest.xml:87:13-35
97            android:exported="true" >
97-->src/main/AndroidManifest.xml:88:13-36
98        </provider>
99
100        <activity
100-->src/main/AndroidManifest.xml:91:9-94:20
101            android:name="jakhar.aseem.diva.AccessControl3Activity"
101-->src/main/AndroidManifest.xml:92:13-51
102            android:label="@string/d11" >
102-->src/main/AndroidManifest.xml:93:13-40
103        </activity>
104        <activity
104-->src/main/AndroidManifest.xml:95:9-98:20
105            android:name="jakhar.aseem.diva.Hardcode2Activity"
105-->src/main/AndroidManifest.xml:96:13-46
106            android:label="@string/d12" >
106-->src/main/AndroidManifest.xml:97:13-40
107        </activity>
108        <activity
108-->src/main/AndroidManifest.xml:99:9-102:20
109            android:name="jakhar.aseem.diva.AccessControl3NotesActivity"
109-->src/main/AndroidManifest.xml:100:13-56
110            android:label="@string/pnotes" >
110-->src/main/AndroidManifest.xml:101:13-43
111        </activity>
112        <activity
112-->src/main/AndroidManifest.xml:103:9-105:20
113            android:name="jakhar.aseem.diva.InputValidation3Activity"
113-->src/main/AndroidManifest.xml:103:19-59
114            android:label="@string/d13" >
114-->src/main/AndroidManifest.xml:104:13-40
115        </activity>
116
117        <meta-data
117-->[com.android.support:design:26.1.0] AndroidManifest.xml:26:9-28:38
118            android:name="android.support.VERSION"
118-->[com.android.support:design:26.1.0] AndroidManifest.xml:27:13-51
119            android:value="26.1.0" />
119-->[com.android.support:design:26.1.0] AndroidManifest.xml:28:13-35
120        <meta-data
120-->[android.arch.lifecycle:runtime:1.0.0] AndroidManifest.xml:25:9-27:47
121            android:name="android.arch.lifecycle.VERSION"
121-->[android.arch.lifecycle:runtime:1.0.0] AndroidManifest.xml:26:13-58
122            android:value="27.0.0-SNAPSHOT" />
122-->[android.arch.lifecycle:runtime:1.0.0] AndroidManifest.xml:27:13-44
123    </application>
124
125</manifest>